<?xml version="1.0" encoding="UTF-8"?>
<!-- Generated by org.testng.reporters.JUnitReportReporter -->
<testsuite hostname="Vivek-PC" name="com.pack.F1" tests="1" failures="0" timestamp="16 Sep 2016 15:50:53 GMT" time="0.078" errors="0">
  <testcase name="hike" time="0.078" classname="com.pack.F1"/>
</testsuite> <!-- com.pack.F1 -->
